Mon Aug 27 14:31:46 Saved as file BACKUP1.MAX
Mon Aug 27 14:31:46 Saved as file C:\USERS\VILLAVERDE\DESKTOP\KAIROS\CARDIOMED\WCS PULSE\PROTOTYPE\LAYOUT\LONGHORN-4.MAX
Mon Aug 27 14:32:11 UserDiv from Layout.INI for AutoECO: 60
Mon Aug 27 14:32:11 Loaded file C:\USERS\VILLAVERDE\DESKTOP\KAIROS\CARDIOMED\WCS PULSE\PROTOTYPE\LAYOUT\LONGHORN-4.MAX
Mon Aug 27 14:32:11 Loaded file C:\ORCAD\ORCAD_16.0\TOOLS\LAYOUT_ENG_ED\library\BCON100T.llb
Mon Aug 27 14:32:11 Loaded file C:\ORCAD\ORCAD_16.0\TOOLS\LAYOUT_ENG_ED\library\BCON156T.llb
Mon Aug 27 14:32:11 Loaded file C:\ORCAD\ORCAD_16.0\TOOLS\LAYOUT_ENG_ED\library\BGA.llb
Mon Aug 27 14:32:11 Loaded file C:\ORCAD\ORCAD_16.0\TOOLS\LAYOUT_ENG_ED\library\CLCC.llb
Mon Aug 27 14:32:11 Loaded file C:\ORCAD\ORCAD_16.0\TOOLS\LAYOUT_ENG_ED\library\DCON050T.llb
Mon Aug 27 14:32:11 Loaded file C:\ORCAD\ORCAD_16.0\TOOLS\LAYOUT_ENG_ED\library\DCON085T.llb
Mon Aug 27 14:32:11 Loaded file C:\ORCAD\ORCAD_16.0\TOOLS\LAYOUT_ENG_ED\library\DIMM050F.llb
Mon Aug 27 14:32:11 Loaded file C:\ORCAD\ORCAD_16.0\TOOLS\LAYOUT_ENG_ED\library\DIMM050T.llb
Mon Aug 27 14:32:11 Loaded file C:\ORCAD\ORCAD_16.0\TOOLS\LAYOUT_ENG_ED\library\DIN.llb
Mon Aug 27 14:32:11 Loaded file C:\ORCAD\ORCAD_16.0\TOOLS\LAYOUT_ENG_ED\library\DIP100B.llb
Mon Aug 27 14:32:11 Loaded file C:\ORCAD\ORCAD_16.0\TOOLS\LAYOUT_ENG_ED\library\DIP100T.llb
Mon Aug 27 14:32:11 Loaded file C:\ORCAD\ORCAD_16.0\TOOLS\LAYOUT_ENG_ED\library\DSUBT.llb
Mon Aug 27 14:32:11 Loaded file C:\ORCAD\ORCAD_16.0\TOOLS\LAYOUT_ENG_ED\library\DSUBT_HD.LLB
Mon Aug 27 14:32:11 Loaded file C:\ORCAD\ORCAD_16.0\TOOLS\LAYOUT_ENG_ED\library\ECON100T.llb
Mon Aug 27 14:32:11 Loaded file C:\ORCAD\ORCAD_16.0\TOOLS\LAYOUT_ENG_ED\library\FBUS.llb
Mon Aug 27 14:32:11 Loaded file C:\ORCAD\ORCAD_16.0\TOOLS\LAYOUT_ENG_ED\library\ISA.llb
Mon Aug 27 14:32:11 Loaded file C:\ORCAD\ORCAD_16.0\TOOLS\LAYOUT_ENG_ED\library\JUMPER.LLB
Mon Aug 27 14:32:11 Loaded file C:\ORCAD\ORCAD_16.0\TOOLS\LAYOUT_ENG_ED\library\LAYOUT.llb
Mon Aug 27 14:32:11 Loaded file C:\ORCAD\ORCAD_16.0\TOOLS\LAYOUT_ENG_ED\library\LCON100T.llb
Mon Aug 27 14:32:11 Loaded file C:\ORCAD\ORCAD_16.0\TOOLS\LAYOUT_ENG_ED\library\PC104.llb
Mon Aug 27 14:32:11 Loaded file C:\ORCAD\ORCAD_16.0\TOOLS\LAYOUT_ENG_ED\library\PCI.llb
Mon Aug 27 14:32:11 Loaded file C:\ORCAD\ORCAD_16.0\TOOLS\LAYOUT_ENG_ED\library\PCON100T.llb
Mon Aug 27 14:32:11 Loaded file C:\ORCAD\ORCAD_16.0\TOOLS\LAYOUT_ENG_ED\library\PCON156T.llb
Mon Aug 27 14:32:11 Loaded file C:\ORCAD\ORCAD_16.0\TOOLS\LAYOUT_ENG_ED\library\PGA.llb
Mon Aug 27 14:32:11 Loaded file C:\ORCAD\ORCAD_16.0\TOOLS\LAYOUT_ENG_ED\library\PLCC.llb
Mon Aug 27 14:32:11 Loaded file C:\ORCAD\ORCAD_16.0\TOOLS\LAYOUT_ENG_ED\library\QUAD.llb
Mon Aug 27 14:32:12 Loaded file C:\ORCAD\ORCAD_16.0\TOOLS\LAYOUT_ENG_ED\library\QUADB.llb
Mon Aug 27 14:32:12 Loaded file C:\ORCAD\ORCAD_16.0\TOOLS\LAYOUT_ENG_ED\library\RELAY.llb
Mon Aug 27 14:32:12 Loaded file C:\ORCAD\ORCAD_16.0\TOOLS\LAYOUT_ENG_ED\library\RF.llb
Mon Aug 27 14:32:12 Loaded file C:\ORCAD\ORCAD_16.0\TOOLS\LAYOUT_ENG_ED\library\SBUS.llb
Mon Aug 27 14:32:12 Loaded file C:\ORCAD\ORCAD_16.0\TOOLS\LAYOUT_ENG_ED\library\SIMM050F.llb
Mon Aug 27 14:32:12 Loaded file C:\ORCAD\ORCAD_16.0\TOOLS\LAYOUT_ENG_ED\library\SIMM050T.llb
Mon Aug 27 14:32:12 Loaded file C:\ORCAD\ORCAD_16.0\TOOLS\LAYOUT_ENG_ED\library\SIMM100F.llb
Mon Aug 27 14:32:12 Loaded file C:\ORCAD\ORCAD_16.0\TOOLS\LAYOUT_ENG_ED\library\SIMM100T.llb
Mon Aug 27 14:32:12 Loaded file C:\ORCAD\ORCAD_16.0\TOOLS\LAYOUT_ENG_ED\library\SIP.llb
Mon Aug 27 14:32:12 Loaded file C:\ORCAD\ORCAD_16.0\TOOLS\LAYOUT_ENG_ED\library\SM.llb
Mon Aug 27 14:32:12 Loaded file C:\ORCAD\ORCAD_16.0\TOOLS\LAYOUT_ENG_ED\library\SOG.llb
Mon Aug 27 14:32:12 Loaded file C:\ORCAD\ORCAD_16.0\TOOLS\LAYOUT_ENG_ED\library\SOJ.llb
Mon Aug 27 14:32:12 Loaded file C:\ORCAD\ORCAD_16.0\TOOLS\LAYOUT_ENG_ED\library\STIFF.llb
Mon Aug 27 14:32:12 Loaded file C:\ORCAD\ORCAD_16.0\TOOLS\LAYOUT_ENG_ED\library\TELE.llb
Mon Aug 27 14:32:12 Loaded file C:\ORCAD\ORCAD_16.0\TOOLS\LAYOUT_ENG_ED\library\TM_AXIAL.llb
Mon Aug 27 14:32:12 Loaded file C:\ORCAD\ORCAD_16.0\TOOLS\LAYOUT_ENG_ED\library\TM_CAP_P.llb
Mon Aug 27 14:32:12 Loaded file C:\ORCAD\ORCAD_16.0\TOOLS\LAYOUT_ENG_ED\library\TM_CYLND.llb
Mon Aug 27 14:32:12 Loaded file C:\ORCAD\ORCAD_16.0\TOOLS\LAYOUT_ENG_ED\library\TM_DIODE.llb
Mon Aug 27 14:32:12 Loaded file C:\ORCAD\ORCAD_16.0\TOOLS\LAYOUT_ENG_ED\library\TM_DISC.llb
Mon Aug 27 14:32:12 Loaded file C:\ORCAD\ORCAD_16.0\TOOLS\LAYOUT_ENG_ED\library\TM_RAD.llb
Mon Aug 27 14:32:12 Loaded file C:\ORCAD\ORCAD_16.0\TOOLS\LAYOUT_ENG_ED\library\TO.llb
Mon Aug 27 14:32:12 Loaded file C:\ORCAD\ORCAD_16.0\TOOLS\LAYOUT_ENG_ED\library\TRAINING.LLB
Mon Aug 27 14:32:12 Loaded file C:\ORCAD\ORCAD_16.0\TOOLS\LAYOUT_ENG_ED\library\VRES.llb
Mon Aug 27 14:32:12 Loaded file C:\ORCAD\ORCAD_16.0\TOOLS\LAYOUT_ENG_ED\library\WCON100T.llb
Mon Aug 27 14:32:12 Loaded file C:\ORCAD\ORCAD_16.0\TOOLS\LAYOUT_ENG_ED\library\XT.llb
Mon Aug 27 14:32:12 Loaded file C:\ORCAD\ORCAD_16.0\TOOLS\LAYOUT_ENG_ED\library\ZIGZAG.llb
Mon Aug 27 14:32:12 Library file not found:USER.PRT
Mon Aug 27 14:32:12 Library file not found:USER.PRT
Mon Aug 27 14:32:47 Loaded file C:\ORCAD\ORCAD_16.0\TOOLS\LAYOUT_ENG_ED\data\template.imp
Mon Aug 27 14:32:47 Loaded file C:\ORCAD\ORCAD_16.0\TOOLS\LAYOUT_ENG_ED\data\template.imp
Mon Aug 27 14:35:54 Loaded file C:\USERS\VILLAVERDE\DESKTOP\KAIROS\CARDIOMED\WCS PULSE\PROTOTYPE\LAYOUT\LONGHORN-4.MAX
